<?xml version="1.0" encoding="UTF-8"?>
<!-- Generated by org.testng.reporters.JUnitXMLReporter -->
<testsuite ignored="2" hostname="LAPTOP-AL92JHEI" failures="1" tests="2" name="Test" time="5.424" errors="0" timestamp="2023-09-25T16:57:26 IST">
  <testcase classname="com.CRM.VTiger.GenericUtility.BaseClass" name="@BeforeMethod LoginToTheApplication" time="0.054">
    <failure type="org.openqa.selenium.NoSuchElementException" message="no such element: Unable to locate element: {&amp;quot;method&amp;quot;:&amp;quot;css selector&amp;quot;,&amp;quot;selector&amp;quot;:&amp;quot;*[name=&amp;apos;user_name&amp;apos;]&amp;quot;}
  (Session info: chrome=117.0.5938.92)
For documentation on this error, please visit: https://www.selenium.dev/documentation/webdriver/troubleshooting/errors#no-such-element-exception
Build info: version: &amp;apos;4.12.1&amp;apos;, revision: &amp;apos;8e34639b11&amp;apos;
System info: os.name: &amp;apos;Windows 11&amp;apos;, os.arch: &amp;apos;amd64&amp;apos;, os.version: &amp;apos;10.0&amp;apos;, java.version: &amp;apos;20.0.1&amp;apos;
Driver info: org.openqa.selenium.chrome.ChromeDriver
Command: [2208fcfef8c74ed8d83deb1e6a2ab76e, findElement {using=name, value=user_name}]
Capabilities {acceptInsecureCerts: false, browserName: chrome, browserVersion: 117.0.5938.92, chrome: {chromedriverVersion: 117.0.5938.92 (67649b10b92b..., userDataDir: C:\Users\SRIYANKA\AppData\L...}, fedcm:accounts: true, goog:chromeOptions: {debuggerAddress: localhost:53046}, networkConnectionEnabled: false, pageLoadStrategy: normal, platformName: windows, proxy: Proxy(), se:cdp: ws://localhost:53046/devtoo..., se:cdpVersion: 117.0.5938.92, setWindowRect: true, strictFileInteractability: false, timeouts: {implicit: 0, pageLoad: 300000, script: 30000}, unhandledPromptBehavior: dismiss and notify, webauthn:extension:credBlob: true, webauthn:extension:largeBlob: true, webauthn:extension:minPinLength: true, webauthn:extension:prf: true, webauthn:virtualAuthenticators: true}
Session ID: 2208fcfef8c74ed8d83deb1e6a2ab76e">
      <![CDATA[org.openqa.selenium.NoSuchElementException: no such element: Unable to locate element: {"method":"css selector","selector":"*[name='user_name']"}
  (Session info: chrome=117.0.5938.92)
For documentation on this error, please visit: https://www.selenium.dev/documentation/webdriver/troubleshooting/errors#no-such-element-exception
Build info: version: '4.12.1', revision: '8e34639b11'
System info: os.name: 'Windows 11', os.arch: 'amd64', os.version: '10.0', java.version: '20.0.1'
Driver info: org.openqa.selenium.chrome.ChromeDriver
Command: [2208fcfef8c74ed8d83deb1e6a2ab76e, findElement {using=name, value=user_name}]
Capabilities {acceptInsecureCerts: false, browserName: chrome, browserVersion: 117.0.5938.92, chrome: {chromedriverVersion: 117.0.5938.92 (67649b10b92b..., userDataDir: C:\Users\SRIYANKA\AppData\L...}, fedcm:accounts: true, goog:chromeOptions: {debuggerAddress: localhost:53046}, networkConnectionEnabled: false, pageLoadStrategy: normal, platformName: windows, proxy: Proxy(), se:cdp: ws://localhost:53046/devtoo..., se:cdpVersion: 117.0.5938.92, setWindowRect: true, strictFileInteractability: false, timeouts: {implicit: 0, pageLoad: 300000, script: 30000}, unhandledPromptBehavior: dismiss and notify, webauthn:extension:credBlob: true, webauthn:extension:largeBlob: true, webauthn:extension:minPinLength: true, webauthn:extension:prf: true, webauthn:virtualAuthenticators: true}
Session ID: 2208fcfef8c74ed8d83deb1e6a2ab76e
at org.openqa.selenium.remote.codec.w3c.W3CHttpResponseCodec.createException(W3CHttpResponseCodec.java:200)
at org.openqa.selenium.remote.codec.w3c.W3CHttpResponseCodec.decode(W3CHttpResponseCodec.java:133)
at org.openqa.selenium.remote.codec.w3c.W3CHttpResponseCodec.decode(W3CHttpResponseCodec.java:52)
at org.openqa.selenium.remote.HttpCommandExecutor.execute(HttpCommandExecutor.java:191)
at org.openqa.selenium.remote.service.DriverCommandExecutor.invokeExecute(DriverCommandExecutor.java:196)
at org.openqa.selenium.remote.service.DriverCommandExecutor.execute(DriverCommandExecutor.java:171)
at org.openqa.selenium.remote.RemoteWebDriver.execute(RemoteWebDriver.java:602)
at org.openqa.selenium.remote.ElementLocation$ElementFinder$2.findElement(ElementLocation.java:165)
at org.openqa.selenium.remote.ElementLocation.findElement(ElementLocation.java:66)
at org.openqa.selenium.remote.RemoteWebDriver.findElement(RemoteWebDriver.java:359)
at org.openqa.selenium.remote.RemoteWebDriver.findElement(RemoteWebDriver.java:353)
at org.openqa.selenium.support.pagefactory.DefaultElementLocator.findElement(DefaultElementLocator.java:68)
at org.openqa.selenium.support.pagefactory.internal.LocatingElementHandler.invoke(LocatingElementHandler.java:38)
at jdk.proxy2/jdk.proxy2.$Proxy20.sendKeys(Unknown Source)
at com.CRM.VTiger.ObjectRepo.LoginPage.loginToApp(LoginPage.java:31)
at com.CRM.VTiger.GenericUtility.BaseClass.LoginToTheApplication(BaseClass.java:52)
at java.base/java.util.ArrayList.forEach(ArrayList.java:1511)
... Removed 32 stack frames]]>
    </failure>
  </testcase> <!-- @BeforeMethod LoginToTheApplication -->
  <testcase classname="com.CRM.VTiger.GenericUtility.BaseClass" name="@AfterMethod LogoutFromTheApplication" time="0.0">
    <skipped/>
  </testcase> <!-- @AfterMethod LogoutFromTheApplication -->
  <testcase classname="com.CRM.VTiger.GenericUtility.BaseClass" name="@AfterClass CloseTheBrowser" time="0.0">
    <skipped/>
  </testcase> <!-- @AfterClass CloseTheBrowser -->
  <testcase classname="com.CRM.VTiger.organizationTest.CreateOrganizationTest" name="createOrganization" time="0.0">
    <skipped/>
  </testcase> <!-- createOrganization -->
  <testcase classname="com.CRM.VTiger.organizationTest.CreateMultipleOrganizationTest" name="multipleOrg" time="0.0">
    <failure type="org.testng.TestNGException" message="
Method public void com.CRM.VTiger.organizationTest.CreateMultipleOrganizationTest.multipleOrg(java.lang.String) throws java.io.IOException requires a @DataProvider named : multipleDataFromExcel in class com.CRM.VTiger.GenericUtility.FileUtility">
      <![CDATA[org.testng.TestNGException: 
Method public void com.CRM.VTiger.organizationTest.CreateMultipleOrganizationTest.multipleOrg(java.lang.String) throws java.io.IOException requires a @DataProvider named : multipleDataFromExcel in class com.CRM.VTiger.GenericUtility.FileUtility
at java.base/java.util.ArrayList.forEach(ArrayList.java:1511)
... Removed 24 stack frames]]>
    </failure>
  </testcase> <!-- multipleOrg -->
  <testcase classname="com.CRM.VTiger.GenericUtility.BaseClass" name="@AfterSuite CloseDatabaseConnection" time="0.0">
    <ignored/>
  </testcase> <!-- @AfterSuite CloseDatabaseConnection -->
  <testcase classname="com.CRM.VTiger.GenericUtility.BaseClass" name="@BeforeSuite DatabaseConnection" time="0.0">
    <ignored/>
  </testcase> <!-- @BeforeSuite DatabaseConnection -->
</testsuite> <!-- Test -->
